<?xml version="1.0" encoding="UTF-8"?>
<!-- Generated by org.testng.reporters.JUnitReportReporter -->
<testsuite hostname="LP-J54M1Z2" failures="0" tests="5" name="org.weatherapi.ApiTest" time="7.374" errors="0" timestamp="2021-06-21T20:32:23 IST" skipped="0">
  <testcase classname="org.weatherapi.ApiTest" name="addStation" time="2.697"/>
  <system-out/>
  <testcase classname="org.weatherapi.ApiTest" name="addStation" time="0.738"/>
  <system-out/>
  <testcase classname="org.weatherapi.ApiTest" name="getStation" time="0.653"/>
  <system-out/>
  <testcase classname="org.weatherapi.ApiTest" name="getStation" time="0.694"/>
  <system-out/>
  <testcase classname="org.weatherapi.ApiTest" name="deleteStation" time="2.592"/>
  <system-out/>
</testsuite> <!-- org.weatherapi.ApiTest -->
