<?xml version="1.0" encoding="UTF-8"?>
<!-- Generated by org.testng.reporters.JUnitReportReporter -->
<testsuite hostname="LP-J54M1Z2" failures="0" tests="5" name="org.weatherapi.ApiTest" time="7.190" errors="0" timestamp="2021-06-18T16:29:17 IST" skipped="0">
  <testcase classname="org.weatherapi.ApiTest" name="addStation" time="0.959"/>
  <system-out/>
  <testcase classname="org.weatherapi.ApiTest" name="addStation" time="2.334"/>
  <system-out/>
  <testcase classname="org.weatherapi.ApiTest" name="getStation" time="0.652"/>
  <system-out/>
  <testcase classname="org.weatherapi.ApiTest" name="getStation" time="0.588"/>
  <system-out/>
  <testcase classname="org.weatherapi.ApiTest" name="deleteStation" time="2.657"/>
  <system-out/>
</testsuite> <!-- org.weatherapi.ApiTest -->
