<?xml version="1.0" encoding="UTF-8"?>
<!-- Generated by org.testng.reporters.JUnitReportReporter -->
<testsuite hostname="LP-J54M1Z2" failures="0" tests="5" name="org.weatherapi.ApiTest" time="7.916" errors="0" timestamp="2021-06-21T13:26:47 IST" skipped="0">
  <testcase classname="org.weatherapi.ApiTest" name="addStation" time="0.760"/>
  <system-out/>
  <testcase classname="org.weatherapi.ApiTest" name="addStation" time="2.744"/>
  <system-out/>
  <testcase classname="org.weatherapi.ApiTest" name="getStation" time="0.627"/>
  <system-out/>
  <testcase classname="org.weatherapi.ApiTest" name="getStation" time="0.680"/>
  <system-out/>
  <testcase classname="org.weatherapi.ApiTest" name="deleteStation" time="3.105"/>
  <system-out/>
</testsuite> <!-- org.weatherapi.ApiTest -->
